<?xml version="1.0" encoding="UTF-8"?>
<!-- Generated by org.testng.reporters.JUnitReportReporter -->
<testsuite hostname="LAPTOP-1M0O9JN4" failures="0" tests="3" name="com.naukri.qa.testcases.LandingPageTest" time="0.323" errors="0" timestamp="2020-07-04T17:07:25 IST" skipped="0">
  <testcase classname="com.naukri.qa.testcases.LandingPageTest" name="landingPageTitleTest" time="0.012"/>
  <system-out/>
  <testcase classname="com.naukri.qa.testcases.LandingPageTest" name="naukriImageTest" time="0.059"/>
  <system-out/>
  <testcase classname="com.naukri.qa.testcases.LandingPageTest" name="searchJobsTest" time="0.252"/>
  <system-out/>
</testsuite> <!-- com.naukri.qa.testcases.LandingPageTest -->
