<?xml version="1.0" encoding="UTF-8"?>
<!-- Generated by org.testng.reporters.JUnitReportReporter -->
<testsuite hostname="LAPTOP-1M0O9JN4" failures="0" tests="1" name="com.naukri.qa.testcases.LogInPageTest" time="15.671" errors="0" timestamp="2020-07-06T16:03:45 IST" skipped="0">
  <testcase classname="com.naukri.qa.testcases.LogInPageTest" name="landingPageTitleTest" time="15.671"/>
  <system-out/>
</testsuite> <!-- com.naukri.qa.testcases.LogInPageTest -->
