<?xml version="1.0" encoding="UTF-8"?>
<!-- Generated by org.testng.reporters.JUnitReportReporter -->
<testsuite hostname="LAPTOP-1M0O9JN4" failures="0" tests="1" name="com.naukri.qa.testcases.SearchjobsPageTest" time="0.000" errors="0" timestamp="2020-07-06T16:01:23 IST" skipped="1">
  <testcase classname="com.naukri.qa.testcases.SearchjobsPageTest" name="searchResultsTest" time="0.000">
    <skipped/>
  </testcase> <!-- searchResultsTest -->
  <system-out/>
</testsuite> <!-- com.naukri.qa.testcases.SearchjobsPageTest -->
